<?xml version="1.0" encoding="UTF-8"?>
<!-- Generated by org.testng.reporters.JUnitReportReporter -->
<testsuite hostname="aniket-Latitude-3410" failures="0" tests="1" name="ClientCreation.ClientCreation" time="106.522" errors="0" timestamp="2023-04-14T13:17:45 IST" skipped="0">
  <testcase classname="ClientCreation.ClientCreation" name="createPrepaidClient" time="106.522"/>
  <system-out/>
</testsuite> <!-- ClientCreation.ClientCreation -->
