<?xml version="1.0" encoding="UTF-8"?>
<!-- Generated by org.testng.reporters.JUnitReportReporter -->
<testsuite hostname="aniket-Latitude-3410" failures="0" tests="1" name="ClientCreation.PostpaidClientCreation" time="31.797" errors="0" timestamp="2023-04-13T17:47:18 IST" skipped="0">
  <testcase classname="ClientCreation.PostpaidClientCreation" name="createClient" time="31.797"/>
  <system-out/>
</testsuite> <!-- ClientCreation.PostpaidClientCreation -->
