<?xml version="1.0" encoding="UTF-8"?>
<!-- Generated by org.testng.reporters.JUnitReportReporter -->
<testsuite hostname="aniket-Latitude-3410" failures="0" tests="1" name="ClientCreation.Push_Pull_Lead_Test" time="20.192" errors="0" timestamp="2023-04-14T19:16:58 IST" skipped="0">
  <testcase classname="ClientCreation.Push_Pull_Lead_Test" name="pushLeadFromPreSales" time="20.192"/>
  <system-out/>
</testsuite> <!-- ClientCreation.Push_Pull_Lead_Test -->
