<?xml version="1.0" encoding="UTF-8"?>
<!-- Generated by org.testng.reporters.JUnitReportReporter -->
<testsuite hostname="Raptor" failures="0" tests="1" name="ClientCreation.Push_Pull_Lead_Test" time="23.806" errors="0" timestamp="2023-04-16T12:09:05 IST" skipped="0">
  <testcase classname="ClientCreation.Push_Pull_Lead_Test" name="pushLeadFromPreSales" time="23.806"/>
  <system-out/>
</testsuite> <!-- ClientCreation.Push_Pull_Lead_Test -->
